<?xml version="1.0" encoding="UTF-8"?>
<testng-results ignored="0" total="3" passed="3" failed="0" skipped="0">
  <reporter-output>
  </reporter-output>
  <suite started-at="2025-04-24T19:30:26 IST" name="Default suite" finished-at="2025-04-24T19:30:26 IST" duration-ms="152">
    <groups>
    </groups>
    <test started-at="2025-04-24T19:30:26 IST" name="Default test" finished-at="2025-04-24T19:30:26 IST" duration-ms="152">
      <class name="TestNG1">
        <test-method is-config="true" signature="b()[pri:0, instance:TestNG1@707194ba]" started-at="2025-04-24T19:30:26 IST" name="b" finished-at="2025-04-24T19:30:26 IST" duration-ms="19" status="PASS">
          <reporter-output>
          </reporter-output>
        </test-method> <!-- b -->
        <test-method is-config="true" signature="c()[pri:0, instance:TestNG1@707194ba]" started-at="2025-04-24T19:30:26 IST" name="c" finished-at="2025-04-24T19:30:26 IST" duration-ms="1" status="PASS">
          <reporter-output>
          </reporter-output>
        </test-method> <!-- c -->
        <test-method is-config="true" signature="d()[pri:0, instance:TestNG1@707194ba]" started-at="2025-04-24T19:30:26 IST" name="d" finished-at="2025-04-24T19:30:26 IST" duration-ms="4" status="PASS">
          <reporter-output>
          </reporter-output>
        </test-method> <!-- d -->
        <test-method is-config="true" signature="e()[pri:0, instance:TestNG1@707194ba]" started-at="2025-04-24T19:30:26 IST" name="e" finished-at="2025-04-24T19:30:26 IST" duration-ms="1" status="PASS">
          <reporter-output>
          </reporter-output>
        </test-method> <!-- e -->
        <test-method signature="A1()[pri:0, instance:TestNG1@707194ba]" started-at="2025-04-24T19:30:26 IST" name="A1" finished-at="2025-04-24T19:30:26 IST" duration-ms="16" status="PASS">
          <reporter-output>
          </reporter-output>
        </test-method> <!-- A1 -->
        <test-method is-config="true" signature="f()[pri:0, instance:TestNG1@707194ba]" started-at="2025-04-24T19:30:26 IST" name="f" finished-at="2025-04-24T19:30:26 IST" duration-ms="3" status="PASS">
          <reporter-output>
          </reporter-output>
        </test-method> <!-- f -->
        <test-method is-config="true" signature="e()[pri:0, instance:TestNG1@707194ba]" started-at="2025-04-24T19:30:26 IST" name="e" finished-at="2025-04-24T19:30:26 IST" duration-ms="2" status="PASS">
          <reporter-output>
          </reporter-output>
        </test-method> <!-- e -->
        <test-method signature="a1()[pri:0, instance:TestNG1@707194ba]" started-at="2025-04-24T19:30:26 IST" name="a1" finished-at="2025-04-24T19:30:26 IST" duration-ms="8" status="PASS">
          <reporter-output>
          </reporter-output>
        </test-method> <!-- a1 -->
        <test-method is-config="true" signature="f()[pri:0, instance:TestNG1@707194ba]" started-at="2025-04-24T19:30:26 IST" name="f" finished-at="2025-04-24T19:30:26 IST" duration-ms="1" status="PASS">
          <reporter-output>
          </reporter-output>
        </test-method> <!-- f -->
        <test-method is-config="true" signature="e()[pri:0, instance:TestNG1@707194ba]" started-at="2025-04-24T19:30:26 IST" name="e" finished-at="2025-04-24T19:30:26 IST" duration-ms="2" status="PASS">
          <reporter-output>
          </reporter-output>
        </test-method> <!-- e -->
        <test-method signature="a2()[pri:0, instance:TestNG1@707194ba]" started-at="2025-04-24T19:30:26 IST" name="a2" finished-at="2025-04-24T19:30:26 IST" duration-ms="7" status="PASS">
          <reporter-output>
          </reporter-output>
        </test-method> <!-- a2 -->
        <test-method is-config="true" signature="f()[pri:0, instance:TestNG1@707194ba]" started-at="2025-04-24T19:30:26 IST" name="f" finished-at="2025-04-24T19:30:26 IST" duration-ms="1" status="PASS">
          <reporter-output>
          </reporter-output>
        </test-method> <!-- f -->
        <test-method is-config="true" signature="g()[pri:0, instance:TestNG1@707194ba]" started-at="2025-04-24T19:30:26 IST" name="g" finished-at="2025-04-24T19:30:26 IST" duration-ms="1" status="PASS">
          <reporter-output>
          </reporter-output>
        </test-method> <!-- g -->
        <test-method is-config="true" signature="h()[pri:0, instance:TestNG1@707194ba]" started-at="2025-04-24T19:30:26 IST" name="h" finished-at="2025-04-24T19:30:26 IST" duration-ms="2" status="PASS">
          <reporter-output>
          </reporter-output>
        </test-method> <!-- h -->
        <test-method is-config="true" signature="i()[pri:0, instance:TestNG1@707194ba]" started-at="2025-04-24T19:30:26 IST" name="i" finished-at="2025-04-24T19:30:26 IST" duration-ms="1" status="PASS">
          <reporter-output>
          </reporter-output>
        </test-method> <!-- i -->
      </class> <!-- TestNG1 -->
    </test> <!-- Default test -->
  </suite> <!-- Default suite -->
</testng-results>
